Log file open, 05/01/19 16:33:57
LogWindows: Failed to load 'aqProf.dll' (GetLastError=126)
LogWindows: File 'aqProf.dll' does not exist
LogWindows: Failed to load 'VtuneApi.dll' (GetLastError=126)
LogWindows: File 'VtuneApi.dll' does not exist
LogWindows: Failed to load 'VtuneApi32e.dll' (GetLastError=126)
LogWindows: File 'VtuneApi32e.dll' does not exist
LogInit: Display: Running engine for game: MonsterAI
LogPlatformFile: Not using cached read wrapper
LogTaskGraph: Started task graph with 5 named threads and 23 total threads with 3 sets of task threads.
LogStats: Stats thread started at 0.287431
LogD3D11RHI: Loaded GFSDK_Aftermath_Lib.x64.dll
LogICUInternationalization: Display: ICU TimeZone Detection - Raw Offset: +0:00, Platform Override: ''
LogPluginManager: Mounting plugin Paper2D
LogPluginManager: Mounting plugin AISupport
LogPluginManager: Mounting plugin LightPropagationVolume
LogPluginManager: Mounting plugin CLionSourceCodeAccess
LogPluginManager: Mounting plugin CodeLiteSourceCodeAccess
LogPluginManager: Mounting plugin GitSourceControl
LogPluginManager: Mounting plugin KDevelopSourceCodeAccess
LogPluginManager: Mounting plugin NullSourceCodeAccess
LogPluginManager: Mounting plugin PerforceSourceControl
LogPluginManager: Mounting plugin SubversionSourceControl
LogPluginManager: Mounting plugin UObjectPlugin
LogPluginManager: Mounting plugin VisualStudioCodeSourceCodeAccess
LogPluginManager: Mounting plugin VisualStudioSourceCodeAccess
LogPluginManager: Mounting plugin XCodeSourceCodeAccess
LogPluginManager: Mounting plugin AssetManagerEditor
LogPluginManager: Mounting plugin CryptoKeys
LogPluginManager: Mounting plugin DataValidation
LogPluginManager: Mounting plugin EditorScriptingUtilities
LogPluginManager: Mounting plugin FacialAnimation
LogPluginManager: Mounting plugin GameplayTagsEditor
LogPluginManager: Mounting plugin MacGraphicsSwitching
LogPluginManager: Mounting plugin MeshEditor
LogPluginManager: Mounting plugin MobileLauncherProfileWizard
LogPluginManager: Mounting plugin PluginBrowser
LogPluginManager: Mounting plugin SpeedTreeImporter
LogPluginManager: Mounting plugin DatasmithContent
LogPluginManager: Mounting plugin AlembicImporter
LogPluginManager: Mounting plugin AppleImageUtils
LogPluginManager: Mounting plugin AppleVision
LogPluginManager: Mounting plugin BackChannel
LogPluginManager: Mounting plugin CharacterAI
LogPluginManager: Mounting plugin GeometryCache
LogPluginManager: Mounting plugin HTML5Networking
LogPluginManager: Mounting plugin ProxyLODPlugin
LogPluginManager: Mounting plugin MagicLeap
LogPluginManager: Mounting plugin MagicLeapEmulator
LogPluginManager: Mounting plugin MagicLeapMedia
LogPluginManager: Mounting plugin AndroidMedia
LogPluginManager: Mounting plugin AvfMedia
LogPluginManager: Mounting plugin ImgMedia
LogPluginManager: Mounting plugin LinearTimecode
LogPluginManager: Mounting plugin MediaCompositing
LogPluginManager: Mounting plugin MediaPlayerEditor
LogPluginManager: Mounting plugin WmfMedia
LogPluginManager: Mounting plugin TcpMessaging
LogPluginManager: Mounting plugin UdpMessaging
LogPluginManager: Mounting plugin ActorSequence
LogPluginManager: Mounting plugin LevelSequenceEditor
LogPluginManager: Mounting plugin MatineeToLevelSequence
LogPluginManager: Mounting plugin NetcodeUnitTest
LogPluginManager: Mounting plugin NUTUnrealEngine4
LogPluginManager: Mounting plugin OnlineSubsystemGooglePlay
LogPluginManager: Mounting plugin OnlineSubsystemIOS
LogPluginManager: Mounting plugin OnlineSubsystem
LogPluginManager: Mounting plugin OnlineSubsystemNull
LogPluginManager: Mounting plugin OnlineSubsystemUtils
LogPluginManager: Mounting plugin LauncherChunkInstaller
LogPluginManager: Mounting plugin AndroidDeviceProfileSelector
LogPluginManager: Mounting plugin AndroidMoviePlayer
LogPluginManager: Mounting plugin AndroidPermission
LogPluginManager: Mounting plugin AppleMoviePlayer
LogPluginManager: Mounting plugin ArchVisCharacter
LogPluginManager: Mounting plugin AudioCapture
LogPluginManager: Mounting plugin CableComponent
LogPluginManager: Mounting plugin CustomMeshComponent
LogPluginManager: Mounting plugin EditableMesh
LogPluginManager: Mounting plugin ExampleDeviceProfileSelector
LogPluginManager: Mounting plugin GoogleCloudMessaging
LogPluginManager: Mounting plugin ImmediatePhysics
LogPluginManager: Mounting plugin IOSDeviceProfileSelector
LogPluginManager: Mounting plugin LinuxDeviceProfileSelector
LogPluginManager: Mounting plugin LocationServicesBPLibrary
LogPluginManager: Mounting plugin MobilePatchingUtils
LogPluginManager: Mounting plugin OculusVR
LogPluginManager: Plugin shader directory ../../../Engine/Plugins/Runtime/Oculus/OculusVR/Shaders found
LogPluginManager: Mapping shader source directory ../../../Engine/Plugins/Runtime/Oculus/OculusVR/Shaders to virtual directory /Plugin/OculusVR
LogPluginManager: Mounting plugin PhysXVehicles
LogPluginManager: Mounting plugin ProceduralMeshComponent
LogPluginManager: Mounting plugin RuntimePhysXCooking
LogPluginManager: Mounting plugin SteamVR
LogPluginManager: Mounting plugin WindowsMoviePlayer
LogPluginManager: Mounting plugin DatasmithCADImporter
LogPluginManager: Mounting plugin DatasmithFBXImporter
LogPluginManager: Mounting plugin DatasmithImporter
LogPluginManager: Mounting plugin DatasmithMDLImporter
LogPluginManager: Mounting plugin StaticMeshEditorExtension
LogStreaming: Display: Took  0.194s to configure plugins.
LogInit: Using libcurl 7.55.1-DEV
LogInit:  - built for x86_64-pc-win32
LogInit:  - supports SSL with OpenSSL/1.0.2h
LogInit:  - supports HTTP deflate (compression) using libz 1.2.8
LogInit:  - other features:
LogInit:      CURL_VERSION_SSL
LogInit:      CURL_VERSION_LIBZ
LogInit:      CURL_VERSION_IPV6
LogInit:      CURL_VERSION_ASYNCHDNS
LogInit:      CURL_VERSION_LARGEFILE
LogInit:      CURL_VERSION_IDN
LogInit:  CurlRequestOptions (configurable via config and command line):
LogInit:  - bVerifyPeer = false  - Libcurl will NOT verify peer certificate
LogInit:  - bUseHttpProxy = false  - Libcurl will NOT use HTTP proxy
LogInit:  - bDontReuseConnections = false  - Libcurl will reuse connections
LogInit:  - CertBundlePath = nullptr  - Libcurl will use whatever was configured at build time.
LogInit:  - MaxHostConnections = 16  - Libcurl will limit the number of connections to a host
LogInit:  - LocalHostAddr = Default
LogInit:  - BufferSize = 65536
LogInit: WinSock: version 1.1 (2.2), MaxSocks=32767, MaxUdp=65467
LogInit: Build: ++UE4+Release-4.20-CL-4233996
LogInit: Engine Version: 4.20.1-4233996+++UE4+Release-4.20
LogInit: Compatible Engine Version: 4.20.0-4212847+++UE4+Release-4.20
LogInit: Net CL: 4212847
LogInit: OS: Windows 10 (), CPU: Intel(R) Xeon(R) CPU E5-1620 v4 @ 3.50GHz, GPU: NVIDIA GeForce GTX 1070
LogInit: Compiled (64-bit): Jul 26 2018 10:07:30
LogInit: Compiled with Visual C++: 19.13.26129.00
LogInit: Build Configuration: Development
LogInit: Branch Name: ++UE4+Release-4.20
LogInit: Command Line:  
LogInit: Base Directory: D:/UE_4.20/Engine/Binaries/Win64/
LogInit: Installed Engine Build: 1
LogDevObjectVersion: Number of dev versions registered: 20
LogDevObjectVersion:   Dev-Blueprints (B0D832E4-1F89-4F0D-ACCF-7EB736FD4AA2): 10
LogDevObjectVersion:   Dev-Build (E1C64328-A22C-4D53-A36C-8E866417BD8C): 0
LogDevObjectVersion:   Dev-Core (375EC13C-06E4-48FB-B500-84F0262A717E): 2
LogDevObjectVersion:   Dev-Editor (E4B068ED-F494-42E9-A231-DA0B2E46BB41): 24
LogDevObjectVersion:   Dev-Framework (CFFC743F-43B0-4480-9391-14DF171D2073): 34
LogDevObjectVersion:   Dev-Mobile (B02B49B5-BB20-44E9-A304-32B752E40360): 2
LogDevObjectVersion:   Dev-Networking (A4E4105C-59A1-49B5-A7C5-40C4547EDFEE): 0
LogDevObjectVersion:   Dev-Online (39C831C9-5AE6-47DC-9A44-9C173E1C8E7C): 0
LogDevObjectVersion:   Dev-Physics (78F01B33-EBEA-4F98-B9B4-84EACCB95AA2): 0
LogDevObjectVersion:   Dev-Platform (6631380F-2D4D-43E0-8009-CF276956A95A): 0
LogDevObjectVersion:   Dev-Rendering (12F88B9F-8875-4AFC-A67C-D90C383ABD29): 26
LogDevObjectVersion:   Dev-Sequencer (7B5AE74C-D270-4C10-A958-57980B212A5A): 9
LogDevObjectVersion:   Dev-VR (D7296918-1DD6-4BDD-9DE2-64A83CC13884): 2
LogDevObjectVersion:   Dev-LoadTimes (C2A15278-BFE7-4AFE-6C17-90FF531DF755): 1
LogDevObjectVersion:   Private-Geometry (6EACA3D4-40EC-4CC1-B786-8BED09428FC5): 3
LogDevObjectVersion:   Dev-AnimPhys (29E575DD-E0A3-4627-9D10-D276232CDCEA): 17
LogDevObjectVersion:   Dev-ReflectionCapture (6B266CEC-1EC7-4B8F-A30B-E4D90942FC07): 1
LogDevObjectVersion:   Dev-Automation (0DF73D61-A23F-47EA-B727-89E90C41499A): 1
LogDevObjectVersion:   FortniteMain (601D1886-AC64-4F84-AA16-D3DE0DEAC7D6): 12
LogDevObjectVersion:   Dev-Enterprise (9DFFBCD6-494F-0158-E221-12823C92A888): 1
LogStreaming: Display: Took  0.000s to delete old logs.
LogInit: Presizing for max 8388607 objects, including 0 objects not considered by GC, pre-allocating 0 bytes for permanent pool.
LogInit: Object subsystem initialized
[2019.05.01-15.33.58:081][  0]LogInit: Selected Device Profile: [Windows]
[2019.05.01-15.33.58:081][  0]LogInit: Applying CVar settings loaded from the selected device profile: [Windows]
[2019.05.01-15.33.58:099][  0]LogHAL: Display: Platform has ~ 16 GB [17092296704 / 17179869184 / 16], which maps to Larger [LargestMinGB=32, LargerMinGB=12, DefaultMinGB=8, SmallerMinGB=6, SmallestMinGB=0)
[2019.05.01-15.33.58:099][  0]LogInit: Setting Device Profile CVar: [[r.Vulkan.UseRealUBs:1]]
[2019.05.01-15.33.58:099][  0]LogInit: Going up to parent DeviceProfile []
[2019.05.01-15.33.58:100][  0]LogInit: Computer: JMT1-PC-881V
[2019.05.01-15.33.58:100][  0]LogInit: User: gsp3
[2019.05.01-15.33.58:100][  0]LogInit: CPU Page size=4096, Cores=4
[2019.05.01-15.33.58:100][  0]LogInit: High frequency timer resolution =10.000000 MHz
[2019.05.01-15.33.58:100][  0]LogMemory: Memory total: Physical=15.9GB (16GB approx)
[2019.05.01-15.33.58:100][  0]LogMemory: Platform Memory Stats for Windows
[2019.05.01-15.33.58:100][  0]LogMemory: Process Physical Memory: 100.46 MB used, 100.47 MB peak
[2019.05.01-15.33.58:100][  0]LogMemory: Process Virtual Memory: 90.89 MB used, 90.89 MB peak
[2019.05.01-15.33.58:100][  0]LogMemory: Physical Memory: 5400.77 MB used,  10899.71 MB free, 16300.48 MB total
[2019.05.01-15.33.58:100][  0]LogMemory: Virtual Memory: 4642.86 MB used,  10899.71 MB free, 134217728.00 MB total
[2019.05.01-15.33.58:126][  0]LogInit: Using OS detected language (en-GB).
[2019.05.01-15.33.58:126][  0]LogInit: Using OS detected locale (en-GB).
[2019.05.01-15.33.58:127][  0]LogTextLocalizationManager: No specific localization for 'en-GB' exists, so the 'en' localization will be used.
[2019.05.01-15.33.58:499][  0]LogStreaming: Display: Took  0.373s to InitEngineTextLocalization.
[2019.05.01-15.33.58:499][  0]LogInit: Setting process to per monitor DPI aware
[2019.05.01-15.33.58:531][  0]LogSlate: New Slate User Created.  User Index 0, Is Virtual User: 0
[2019.05.01-15.33.58:531][  0]LogSlate: Slate User Registered.  User Index 0, Is Virtual User: 0
[2019.05.01-15.33.58:724][  0]LogHMD: Failed to initialize OpenVR with code 105
[2019.05.01-15.33.58:724][  0]LogD3D11RHI: D3D11 adapters:
[2019.05.01-15.33.58:822][  0]LogD3D11RHI:    0. 'NVIDIA GeForce GTX 1070' (Feature Level 11_0)
[2019.05.01-15.33.58:822][  0]LogD3D11RHI:       8088/0/8150 MB DedicatedVideo/DedicatedSystem/SharedSystem, Outputs:2, VendorId:0x10de
[2019.05.01-15.33.58:825][  0]LogD3D11RHI:    1. 'Microsoft Basic Render Driver' (Feature Level 11_0)
[2019.05.01-15.33.58:825][  0]LogD3D11RHI:       0/0/8150 MB DedicatedVideo/DedicatedSystem/SharedSystem, Outputs:0, VendorId:0x1414
[2019.05.01-15.33.58:825][  0]LogD3D11RHI: Chosen D3D11 Adapter: 0
[2019.05.01-15.33.58:835][  0]LogD3D11RHI: Creating new Direct3DDevice
[2019.05.01-15.33.58:835][  0]LogD3D11RHI:     GPU DeviceId: 0x1b81 (for the marketing name, search the web for "GPU Device Id")
[2019.05.01-15.33.58:835][  0]LogWindows: EnumDisplayDevices:
[2019.05.01-15.33.58:835][  0]LogWindows:    0. 'NVIDIA GeForce GTX 1070' (P:1 D:1)
[2019.05.01-15.33.58:836][  0]LogWindows:    1. 'NVIDIA GeForce GTX 1070' (P:0 D:1)
[2019.05.01-15.33.58:836][  0]LogWindows:    2. 'NVIDIA GeForce GTX 1070' (P:0 D:0)
[2019.05.01-15.33.58:836][  0]LogWindows:    3. 'NVIDIA GeForce GTX 1070' (P:0 D:0)
[2019.05.01-15.33.58:837][  0]LogWindows: DebugString: FoundDriverCount:4 
[2019.05.01-15.33.58:837][  0]LogD3D11RHI:     Adapter Name: NVIDIA GeForce GTX 1070
[2019.05.01-15.33.58:837][  0]LogD3D11RHI:   Driver Version: 419.35 (internal:25.21.14.1935, unified:419.35)
[2019.05.01-15.33.58:837][  0]LogD3D11RHI:      Driver Date: 3-1-2019
[2019.05.01-15.33.58:837][  0]LogRHI: Texture pool is 5661 MB (70% of 8088 MB)
[2019.05.01-15.33.58:901][  0]LogD3D11RHI: Async texture creation enabled
[2019.05.01-15.33.58:916][  0]LogD3D11RHI: GPU Timing Frequency: 1000.000000 (Debug: 2 1)
[2019.05.01-15.33.59:004][  0]LogShaderCompilers: Guid format shader working directory is 8 characters bigger than the processId version (C:/Users/gsp3/Desktop/MonsterAIStart/Intermediate/Shaders/WorkingDirectory/11448/).
[2019.05.01-15.33.59:004][  0]LogShaderCompilers: Cleaned the shader compiler working directory 'C:/Users/gsp3/AppData/Local/Temp/UnrealShaderWorkingDir/F8DDC556454559C742100E89ED56619D/'.
[2019.05.01-15.33.59:282][  0]LogTemp: Display: Loaded TP AllDesktopTargetPlatform
[2019.05.01-15.33.59:295][  0]LogTemp: Display: Loaded TP MacClientTargetPlatform
[2019.05.01-15.33.59:308][  0]LogTemp: Display: Loaded TP MacNoEditorTargetPlatform
[2019.05.01-15.33.59:321][  0]LogTemp: Display: Loaded TP MacServerTargetPlatform
[2019.05.01-15.33.59:334][  0]LogTemp: Display: Loaded TP MacTargetPlatform
[2019.05.01-15.33.59:348][  0]LogTemp: Display: Loaded TP WindowsClientTargetPlatform
[2019.05.01-15.33.59:361][  0]LogTemp: Display: Loaded TP WindowsNoEditorTargetPlatform
[2019.05.01-15.33.59:374][  0]LogTemp: Display: Loaded TP WindowsServerTargetPlatform
[2019.05.01-15.33.59:380][  0]LogTemp: Display: Loaded TP WindowsTargetPlatform
[2019.05.01-15.33.59:459][  0]LogTemp: Display: Loaded TP AndroidTargetPlatform
[2019.05.01-15.33.59:459][  0]LogTemp: Display: Loaded TP AndroidTargetPlatform
[2019.05.01-15.33.59:459][  0]LogTemp: Display: Loaded TP AndroidTargetPlatform
[2019.05.01-15.33.59:459][  0]LogTemp: Display: Loaded TP AndroidTargetPlatform
[2019.05.01-15.33.59:459][  0]LogTemp: Display: Loaded TP AndroidTargetPlatform
[2019.05.01-15.33.59:459][  0]LogTemp: Display: Loaded TP AndroidTargetPlatform
[2019.05.01-15.33.59:459][  0]LogTemp: Display: Loaded TP AndroidTargetPlatform
[2019.05.01-15.33.59:459][  0]LogTemp: Display: Loaded TP AndroidTargetPlatform
[2019.05.01-15.33.59:459][  0]LogTemp: Display: Loaded TP AndroidTargetPlatform
[2019.05.01-15.33.59:459][  0]LogTemp: Display: Loaded TP AndroidTargetPlatform
[2019.05.01-15.33.59:459][  0]LogTemp: Display: Loaded TP AndroidTargetPlatform
[2019.05.01-15.33.59:459][  0]LogTemp: Display: Loaded TP AndroidTargetPlatform
[2019.05.01-15.33.59:459][  0]LogTemp: Display: Loaded TP AndroidTargetPlatform
[2019.05.01-15.33.59:459][  0]LogTemp: Display: Loaded TP AndroidTargetPlatform
[2019.05.01-15.33.59:459][  0]LogTemp: Display: Loaded TP AndroidTargetPlatform
[2019.05.01-15.33.59:459][  0]LogTemp: Display: Loaded TP AndroidTargetPlatform
[2019.05.01-15.33.59:459][  0]LogTemp: Display: Loaded TP AndroidTargetPlatform
[2019.05.01-15.33.59:459][  0]LogTemp: Display: Loaded TP AndroidTargetPlatform
[2019.05.01-15.33.59:461][  0]LogTemp: Display: Loaded TP HTML5TargetPlatform
[2019.05.01-15.33.59:520][  0]LogTemp: Display: Loaded TP IOSTargetPlatform
[2019.05.01-15.33.59:520][  0]LogTemp: Display: Loaded TP IOSTargetPlatform
[2019.05.01-15.33.59:542][  0]LogTemp: Display: Loaded TP TVOSTargetPlatform
[2019.05.01-15.33.59:542][  0]LogTemp: Display: Loaded TP TVOSTargetPlatform
[2019.05.01-15.33.59:554][  0]LogTemp: Display: Loaded TP LinuxClientTargetPlatform
[2019.05.01-15.33.59:567][  0]LogTemp: Display: Loaded TP LinuxNoEditorTargetPlatform
[2019.05.01-15.33.59:579][  0]LogTemp: Display: Loaded TP LinuxServerTargetPlatform
[2019.05.01-15.33.59:592][  0]LogTemp: Display: Loaded TP LinuxTargetPlatform
[2019.05.01-15.33.59:601][  0]LogTemp: Display: Loaded TP LuminTargetPlatform
[2019.05.01-15.33.59:601][  0]LogTargetPlatformManager: Display: Building Assets For Windows
[2019.05.01-15.33.59:650][  0]LogXGEController: Cannot use XGE Controller as Incredibuild is not installed on this machine.
[2019.05.01-15.33.59:650][  0]LogShaderCompilers: Cannot use XGE Shader Compiler as Incredibuild is not installed on this machine.
[2019.05.01-15.33.59:650][  0]LogShaderCompilers: Display: Using Local Shader Compiler.
[2019.05.01-15.34.00:503][  0]LogDerivedDataCache: Display: Max Cache Size: 512 MB
[2019.05.01-15.34.00:574][  0]LogDerivedDataCache: Loaded boot cache 0.07s 72MB C:/Users/gsp3/AppData/Local/UnrealEngine/4.20/DerivedDataCache/Boot.ddc.
[2019.05.01-15.34.00:574][  0]LogDerivedDataCache: Display: Loaded Boot cache: C:/Users/gsp3/AppData/Local/UnrealEngine/4.20/DerivedDataCache/Boot.ddc
[2019.05.01-15.34.00:574][  0]LogDerivedDataCache: FDerivedDataBackendGraph:  Pak pak cache file C:/Users/gsp3/Desktop/MonsterAIStart/DerivedDataCache/DDC.ddp not found, will not use a pak cache.
[2019.05.01-15.34.00:574][  0]LogDerivedDataCache: Unable to find inner node Pak for hierarchical cache Hierarchy.
[2019.05.01-15.34.00:574][  0]LogDerivedDataCache: FDerivedDataBackendGraph:  CompressedPak pak cache file C:/Users/gsp3/Desktop/MonsterAIStart/DerivedDataCache/Compressed.ddp not found, will not use a pak cache.
[2019.05.01-15.34.00:574][  0]LogDerivedDataCache: Unable to find inner node CompressedPak for hierarchical cache Hierarchy.
[2019.05.01-15.34.00:591][  0]LogDerivedDataCache: Display: Pak cache opened for reading ../../../Engine/DerivedDataCache/Compressed.ddp.
[2019.05.01-15.34.00:604][  0]LogDerivedDataCache: Using Local data cache path C:/Users/gsp3/AppData/Local/UnrealEngine/Common/DerivedDataCache: Writable
[2019.05.01-15.34.00:604][  0]LogDerivedDataCache: Shared data cache path not found in *engine.ini, will not use an Shared cache.
[2019.05.01-15.34.00:604][  0]LogDerivedDataCache: Unable to find inner node Shared for hierarchical cache Hierarchy.
[2019.05.01-15.34.00:625][  0]LogMaterial: Verifying Global Shaders for PCD3D_SM5
[2019.05.01-15.34.00:627][  0]LogSlate: Using FreeType 2.6.0
[2019.05.01-15.34.00:628][  0]LogSlate: SlateFontServices - WITH_FREETYPE: 1, WITH_HARFBUZZ: 1
[2019.05.01-15.34.00:704][  0]LogAssetRegistry: FAssetRegistry took 0.0268 seconds to start up
[2019.05.01-15.34.01:160][  0]LogInit: Selected Device Profile: [Windows]
[2019.05.01-15.34.01:328][  0]LogSimplygon: Simplygon DLL not present - disabling.
[2019.05.01-15.34.01:332][  0]LogMeshReduction: Using SimplygonSwarm for distributed automatic mesh merging
[2019.05.01-15.34.01:332][  0]LogMeshReduction: Using ProxyLODMeshReduction for automatic mesh merging
[2019.05.01-15.34.01:332][  0]LogMeshReduction: Using QuadricMeshReduction for automatic static mesh reduction
[2019.05.01-15.34.01:332][  0]LogMeshReduction: No automatic skeletal mesh reduction module available
[2019.05.01-15.34.01:356][  0]LogNetVersion: MonsterAI 1.0.0, NetCL: 4212847, EngineNetVer: 5, GameNetVer: 0 (Checksum: 1320468335)
[2019.05.01-15.34.01:997][  0]LogPackageLocalizationCache: Processed 13 localized package path(s) for 2 prioritized culture(s) in 0.180007 seconds
[2019.05.01-15.34.02:006][  0]LogUObjectArray: 38425 objects as part of root set at end of initial load.
[2019.05.01-15.34.02:006][  0]LogUObjectAllocator: 6690864 out of 0 bytes used by permanent object pool.
[2019.05.01-15.34.02:006][  0]LogUObjectArray: CloseDisregardForGC: 0/0 objects in disregard for GC pool
[2019.05.01-15.34.02:916][  0]LogTcpMessaging: Initializing TcpMessaging bridge
[2019.05.01-15.34.02:930][  0]LogUdpMessaging: Initializing bridge on interface 0.0.0.0:0 to multicast group 230.0.0.1:6666.
[2019.05.01-15.34.03:066][  0]SourceControl: Source control is disabled
[2019.05.01-15.34.03:066][  0]SourceControl: Source control is disabled
[2019.05.01-15.34.03:067][  0]SourceControl: Source control is disabled
[2019.05.01-15.34.03:068][  0]SourceControl: Source control is disabled
[2019.05.01-15.34.03:249][  0]LogAndroidPermission: UAndroidPermissionCallbackProxy::GetInstance
[2019.05.01-15.34.03:334][  0]LogOcInput: OculusInput pre-init called
[2019.05.01-15.34.05:191][  0]LogEngine: Initializing Engine...
[2019.05.01-15.34.05:196][  0]LogHMD: Failed to initialize OpenVR with code 105
[2019.05.01-15.34.05:197][  0]LogStats: UGameplayTagsManager::ConstructGameplayTagTree: ImportINI prefixes -  0.000 s
[2019.05.01-15.34.05:197][  0]LogStats: UGameplayTagsManager::ConstructGameplayTagTree: Construct from data asset -  0.000 s
[2019.05.01-15.34.05:197][  0]LogStats: UGameplayTagsManager::ConstructGameplayTagTree: ImportINI -  0.000 s
[2019.05.01-15.34.05:197][  0]LogStats: UGameplayTagsManager::ConstructGameplayTagTree: GameplayTagTreeChangedEvent.Broadcast -  0.000 s
[2019.05.01-15.34.05:392][  0]LogInit: Initializing FReadOnlyCVARCache
[2019.05.01-15.34.05:403][  0]LogAIModule: Creating AISystem for world Untitled
[2019.05.01-15.34.05:416][  0]LogInit: XAudio2 using 'Speakers (Realtek High Definition Audio)' : 2 channels at 48 kHz using 32 bits per sample (channel mask 0x3)
[2019.05.01-15.34.05:455][  0]LogInit: FAudioDevice initialized.
[2019.05.01-15.34.05:455][  0]LogNetVersion: Set ProjectVersion to 1.0.0.0. Version Checksum will be recalculated on next use.
[2019.05.01-15.34.05:532][  0]LogDerivedDataCache: Saved boot cache 0.08s 72MB C:/Users/gsp3/AppData/Local/UnrealEngine/4.20/DerivedDataCache/Boot.ddc.
[2019.05.01-15.34.05:537][  0]LogInit: Texture streaming: Enabled
[2019.05.01-15.34.05:549][  0]LogEngineSessionManager: EngineSessionManager initialized
[2019.05.01-15.34.05:568][  0]LogInit: Transaction tracking system initialized
[2019.05.01-15.34.05:584][  0]BlueprintLog: New page: Editor Load
[2019.05.01-15.34.05:642][  0]LocalizationService: Localization service is disabled
[2019.05.01-15.34.05:874][  0]LogCook: Display: Max memory allowance for cook 16384mb min free memory 0mb
[2019.05.01-15.34.05:874][  0]LogCook: Display: Mobile HDR setting 1
[2019.05.01-15.34.05:874][  0]LogGameplayTags: Display: UGameplayTagsManager::DoneAddingNativeTags. DelegateIsBound: 0
[2019.05.01-15.34.05:874][  0]LogStats: UGameplayTagsManager::ConstructGameplayTagTree: ImportINI prefixes -  0.000 s
[2019.05.01-15.34.05:874][  0]LogStats: UGameplayTagsManager::ConstructGameplayTagTree: Construct from data asset -  0.000 s
[2019.05.01-15.34.05:874][  0]LogStats: UGameplayTagsManager::ConstructGameplayTagTree: ImportINI -  0.000 s
[2019.05.01-15.34.05:874][  0]LogStats: UGameplayTagsManager::ConstructGameplayTagTree: GameplayTagTreeChangedEvent.Broadcast -  0.000 s
[2019.05.01-15.34.05:972][  0]LogFileCache: Scanning file cache for directory 'C:/Users/gsp3/Desktop/MonsterAIStart/Content/' took 0.03s
[2019.05.01-15.34.07:163][  0]SourceControl: Source control is disabled
[2019.05.01-15.34.07:163][  0]Cmd: MAP LOAD FILE="C:/Users/gsp3/Desktop/MonsterAIStart/Content/Maps/BaseLevel.umap" TEMPLATE=0 SHOWPROGRESS=1 FEATURELEVEL=3
[2019.05.01-15.34.07:164][  0]LightingResults: New page: Lighting Build
[2019.05.01-15.34.07:166][  0]MapCheck: New page: Map Check
[2019.05.01-15.34.07:166][  0]LightingResults: New page: Lighting Build
[2019.05.01-15.34.13:442][  0]LogMaterial: Display: Missing cached shader map for material M_Dual_Blade_Cleaver, compiling. 
[2019.05.01-15.34.13:525][  0]LogShaderCompilers: Display: Shaders left to compile 60
[2019.05.01-15.34.13:525][  0]LogShaderCompilers: Display: Shaders left to compile 50
[2019.05.01-15.34.13:525][  0]LogShaderCompilers: Display: Shaders left to compile 40
[2019.05.01-15.34.13:525][  0]LogShaderCompilers: Display: Shaders left to compile 30
[2019.05.01-15.34.13:525][  0]LogShaderCompilers: Display: Shaders left to compile 20
[2019.05.01-15.34.13:525][  0]LogMaterial: Display: Missing cached shader map for material M_Blunt_Pulverizer, compiling. 
[2019.05.01-15.34.13:621][  0]LogMaterial: Display: Missing cached shader map for material Launcher_MatB, compiling. 
[2019.05.01-15.34.13:757][  0]LogMaterial: Display: Missing cached shader map for material M_Blade_BlackKnight, compiling. 
[2019.05.01-15.34.13:806][  0]LogMaterial: Display: Missing cached shader map for material M_Blunt_Hellhammer_Cine, compiling. 
[2019.05.01-15.34.13:891][  0]LogMaterial: Display: Missing cached shader map for material MagGun_SightLens_Mat, compiling. 
[2019.05.01-15.34.13:926][  0]LogMaterial: Display: Missing cached shader map for material MagGun_MatB, compiling. 
[2019.05.01-15.34.14:038][  0]LogMaterial: Display: Missing cached shader map for material MagGun_MatA, compiling. 
[2019.05.01-15.34.14:144][  0]LogMaterial: Display: Missing cached shader map for material M_MuzzleGlow, compiling. 
[2019.05.01-15.34.14:177][  0]LogMaterial: Display: Missing cached shader map for material M_muzzle_flash_subUV, compiling. 
[2019.05.01-15.34.14:242][  0]LogMaterial: Display: Missing cached shader map for material M_Trans_Sprite_SubUV_Master_DepthFade, compiling. 
[2019.05.01-15.34.14:306][  0]LogMaterial: Display: Missing cached shader map for material M_TwinBlast_Pistol, compiling. 
[2019.05.01-15.34.14:491][  0]LogMaterial: Display: Missing cached shader map for material M_Blood_Trans_03, compiling. 
[2019.05.01-15.34.14:511][  0]LogMaterial: Display: Missing cached shader map for material M_Blood_Trans_02, compiling. 
[2019.05.01-15.34.14:941][  0]LogAIModule: Creating AISystem for world BaseLevel
[2019.05.01-15.34.14:973][  0]LogEditorServer: Finished looking for orphan Actors (0.000 secs)
[2019.05.01-15.34.15:044][  0]Cmd: MAP CHECKDEP NOCLEARLOG
[2019.05.01-15.34.15:565][  0]MapCheck: Map check complete: 0 Error(s), 0 Warning(s), took 521.682ms to complete.
[2019.05.01-15.34.15:565][  0]LogFileHelpers: Loading map 'BaseLevel' took 8.407
[2019.05.01-15.34.15:700][  0]LogSlate: Updating window title bar state: overlay mode, drag disabled, window buttons hidden, title bar hidden
[2019.05.01-15.34.15:714][  0]LogSlate: Updating window title bar state: overlay mode, drag disabled, window buttons hidden, title bar hidden
[2019.05.01-15.34.15:736][  0]LogSlate: Updating window title bar state: overlay mode, drag disabled, window buttons hidden, title bar hidden
[2019.05.01-15.34.15:752][  0]LogSlate: Updating window title bar state: overlay mode, drag disabled, window buttons hidden, title bar hidden
[2019.05.01-15.34.15:760][  0]LogCollectionManager: Loaded 0 collections in 0.001907 seconds
[2019.05.01-15.34.15:812][  0]LogFileCache: Scanning file cache for directory 'C:/Users/gsp3/Desktop/MonsterAIStart/Saved/Collections/' took 0.01s
[2019.05.01-15.34.15:812][  0]LogFileCache: Scanning file cache for directory 'C:/Users/gsp3/Desktop/MonsterAIStart/Content/Developers/gsp3/Collections/' took 0.01s
[2019.05.01-15.34.15:812][  0]LogFileCache: Scanning file cache for directory 'C:/Users/gsp3/Desktop/MonsterAIStart/Content/Collections/' took 0.01s
[2019.05.01-15.34.15:812][  0]LogCollectionManager: Rebuilt the GUID cache for 0 collections in 0.000000 seconds
[2019.05.01-15.34.15:828][  0]LogContentBrowser: Native class hierarchy populated in 0.0157 seconds. Added 2621 classes and 629 folders.
[2019.05.01-15.34.15:843][  0]LogContentBrowser: Native class hierarchy updated for 'WidgetCarousel' in 0.0008 seconds. Added 0 classes and 0 folders.
[2019.05.01-15.34.15:914][  0]LogContentBrowser: Native class hierarchy updated for 'AddContentDialog' in 0.0004 seconds. Added 0 classes and 0 folders.
[2019.05.01-15.34.15:922][  0]LogContentBrowser: Native class hierarchy updated for 'SceneOutliner' in 0.0005 seconds. Added 1 classes and 2 folders.
[2019.05.01-15.34.16:103][  0]LogSlate: Took 0.000243 seconds to synchronously load lazily loaded font '../../../Engine/Content/Slate/Fonts/Roboto-Regular.ttf' (155K)
[2019.05.01-15.34.16:106][  0]LogSlate: Took 0.000213 seconds to synchronously load lazily loaded font '../../../Engine/Content/Slate/Fonts/Roboto-Bold.ttf' (160K)
[2019.05.01-15.34.16:114][  0]LogSlate: Took 0.000223 seconds to synchronously load lazily loaded font '../../../Engine/Content/Editor/Slate/Fonts/FontAwesome.ttf' (139K)
[2019.05.01-15.34.16:229][  0]LogRenderer: Reallocating scene render targets to support 1044x484 Format 10 NumSamples 1 (Frame:1).
[2019.05.01-15.34.16:407][  0]LogShaderCompilers: Display: Shaders left to compile 973
[2019.05.01-15.34.16:427][  0]LogContentBrowser: Native class hierarchy updated for 'HierarchicalLODOutliner' in 0.0004 seconds. Added 0 classes and 0 folders.
[2019.05.01-15.34.16:427][  0]LogLoad: (Engine Initialization) Total time: 20.25 seconds
[2019.05.01-15.34.16:427][  0]LogLoad: (Engine Initialization) Total Blueprint compile time: 0.00 seconds
[2019.05.01-15.34.16:470][  0]LogContentStreaming: Texture pool size now 3000 MB
[2019.05.01-15.34.16:485][  0]LogSlate: Took 0.000226 seconds to synchronously load lazily loaded font '../../../Engine/Content/Slate/Fonts/Roboto-Light.ttf' (167K)
[2019.05.01-15.34.16:665][  3]LogAssetRegistry: Asset discovery search completed in 15.9924 seconds
[2019.05.01-15.34.16:670][  3]LogCollectionManager: Rebuilt the object cache for 0 collections in 0.000002 seconds (found 0 objects)
[2019.05.01-15.34.16:671][  3]LogCollectionManager: Fixed up redirectors for 0 collections in 0.000412 seconds (updated 0 objects)
[2019.05.01-15.34.16:968][ 16]LogShaderCompilers: Display: Shaders left to compile 963
[2019.05.01-15.34.17:932][ 72]LogShaderCompilers: Display: Shaders left to compile 953
[2019.05.01-15.34.18:158][ 89]LogShaderCompilers: Display: Shaders left to compile 943
[2019.05.01-15.34.19:185][159]LogShaderCompilers: Display: Shaders left to compile 933
[2019.05.01-15.34.19:921][212]LogShaderCompilers: Display: Shaders left to compile 923
[2019.05.01-15.34.20:808][273]LogShaderCompilers: Display: Shaders left to compile 913
[2019.05.01-15.34.21:611][330]LogShaderCompilers: Display: Shaders left to compile 903
[2019.05.01-15.34.22:463][389]LogShaderCompilers: Display: Shaders left to compile 893
[2019.05.01-15.34.22:775][411]LogShaderCompilers: Display: Shaders left to compile 883
[2019.05.01-15.34.23:588][469]LogShaderCompilers: Display: Shaders left to compile 873
[2019.05.01-15.34.24:210][512]LogShaderCompilers: Display: Shaders left to compile 863
[2019.05.01-15.34.24:368][523]LogShaderCompilers: Display: Shaders left to compile 853
[2019.05.01-15.34.24:424][527]LogShaderCompilers: Display: Shaders left to compile 843
[2019.05.01-15.34.26:527][675]LogShaderCompilers: Display: Shaders left to compile 833
[2019.05.01-15.34.27:288][729]LogShaderCompilers: Display: Shaders left to compile 823
[2019.05.01-15.34.27:355][734]LogShaderCompilers: Display: Shaders left to compile 813
[2019.05.01-15.34.28:246][798]LogShaderCompilers: Display: Shaders left to compile 803
[2019.05.01-15.34.28:461][813]LogShaderCompilers: Display: Shaders left to compile 793
[2019.05.01-15.34.30:240][936]LogShaderCompilers: Display: Shaders left to compile 783
[2019.05.01-15.34.30:349][944]LogShaderCompilers: Display: Shaders left to compile 773
[2019.05.01-15.34.30:696][969]LogShaderCompilers: Display: Shaders left to compile 763
[2019.05.01-15.34.31:752][ 44]LogShaderCompilers: Display: Shaders left to compile 753
[2019.05.01-15.34.32:890][125]LogShaderCompilers: Display: Shaders left to compile 743
[2019.05.01-15.34.33:668][178]LogShaderCompilers: Display: Shaders left to compile 733
[2019.05.01-15.34.34:519][238]LogShaderCompilers: Display: Shaders left to compile 723
[2019.05.01-15.34.34:961][268]LogShaderCompilers: Display: Shaders left to compile 713
[2019.05.01-15.34.36:213][358]LogShaderCompilers: Display: Shaders left to compile 703
[2019.05.01-15.34.36:540][382]LogShaderCompilers: Display: Shaders left to compile 693
[2019.05.01-15.34.37:410][444]LogShaderCompilers: Display: Shaders left to compile 683
[2019.05.01-15.34.38:068][491]LogShaderCompilers: Display: Shaders left to compile 673
[2019.05.01-15.34.38:995][556]LogShaderCompilers: Display: Shaders left to compile 663
[2019.05.01-15.34.39:534][592]LogShaderCompilers: Display: Shaders left to compile 653
[2019.05.01-15.34.40:650][670]LogShaderCompilers: Display: Shaders left to compile 643
[2019.05.01-15.34.40:831][683]LogShaderCompilers: Display: Shaders left to compile 633
[2019.05.01-15.34.41:733][747]LogShaderCompilers: Display: Shaders left to compile 623
[2019.05.01-15.34.42:406][794]LogShaderCompilers: Display: Shaders left to compile 613
[2019.05.01-15.34.43:485][870]LogShaderCompilers: Display: Shaders left to compile 603
[2019.05.01-15.34.43:892][899]LogShaderCompilers: Display: Shaders left to compile 593
[2019.05.01-15.34.44:187][920]LogShaderCompilers: Display: Shaders left to compile 583
[2019.05.01-15.34.44:264][925]LogShaderCompilers: Display: Shaders left to compile 573
[2019.05.01-15.34.45:220][995]LogShaderCompilers: Display: Shaders left to compile 563
[2019.05.01-15.34.47:022][122]LogShaderCompilers: Display: Shaders left to compile 553
[2019.05.01-15.34.47:352][146]LogShaderCompilers: Display: Shaders left to compile 543
[2019.05.01-15.34.47:612][164]LogShaderCompilers: Display: Shaders left to compile 533
[2019.05.01-15.34.48:595][232]LogShaderCompilers: Display: Shaders left to compile 523
[2019.05.01-15.34.49:035][263]LogShaderCompilers: Display: Shaders left to compile 513
[2019.05.01-15.34.50:517][368]LogShaderCompilers: Display: Shaders left to compile 503
[2019.05.01-15.34.50:886][395]LogShaderCompilers: Display: Shaders left to compile 493
[2019.05.01-15.34.50:914][397]LogShaderCompilers: Display: Shaders left to compile 483
[2019.05.01-15.34.51:433][433]LogShaderCompilers: Display: Shaders left to compile 473
[2019.05.01-15.34.52:853][530]LogShaderCompilers: Display: Shaders left to compile 463
[2019.05.01-15.34.53:554][580]LogShaderCompilers: Display: Shaders left to compile 453
[2019.05.01-15.34.54:097][619]LogShaderCompilers: Display: Shaders left to compile 443
[2019.05.01-15.34.54:651][659]LogShaderCompilers: Display: Shaders left to compile 433
[2019.05.01-15.34.54:876][672]LogShaderCompilers: Display: Shaders left to compile 423
[2019.05.01-15.34.57:070][828]LogShaderCompilers: Display: Shaders left to compile 413
[2019.05.01-15.34.57:288][844]LogShaderCompilers: Display: Shaders left to compile 403
[2019.05.01-15.34.58:277][914]LogShaderCompilers: Display: Shaders left to compile 393
[2019.05.01-15.34.58:475][928]LogShaderCompilers: Display: Shaders left to compile 383
[2019.05.01-15.34.59:758][ 16]LogShaderCompilers: Display: Shaders left to compile 373
[2019.05.01-15.35.00:504][ 66]LogShaderCompilers: Display: Shaders left to compile 363
[2019.05.01-15.35.00:624][ 74]LogShaderCompilers: Display: Shaders left to compile 353
[2019.05.01-15.35.02:413][182]LogShaderCompilers: Display: Shaders left to compile 343
[2019.05.01-15.35.03:024][225]LogShaderCompilers: Display: Shaders left to compile 333
[2019.05.01-15.35.03:360][249]LogShaderCompilers: Display: Shaders left to compile 323
[2019.05.01-15.35.05:099][373]LogShaderCompilers: Display: Shaders left to compile 313
[2019.05.01-15.35.05:516][400]LogShaderCompilers: Display: Shaders left to compile 303
[2019.05.01-15.35.05:529][401]LogShaderCompilers: Display: Shaders left to compile 293
[2019.05.01-15.35.05:937][430]LogShaderCompilers: Display: Shaders left to compile 283
[2019.05.01-15.35.07:987][578]LogShaderCompilers: Display: Shaders left to compile 273
[2019.05.01-15.35.08:083][583]LogShaderCompilers: Display: Shaders left to compile 263
[2019.05.01-15.35.08:921][643]LogShaderCompilers: Display: Shaders left to compile 253
[2019.05.01-15.35.09:170][660]LogShaderCompilers: Display: Shaders left to compile 243
[2019.05.01-15.35.10:778][770]LogShaderCompilers: Display: Shaders left to compile 233
[2019.05.01-15.35.11:100][792]LogShaderCompilers: Display: Shaders left to compile 223
[2019.05.01-15.35.11:892][848]LogShaderCompilers: Display: Shaders left to compile 213
[2019.05.01-15.35.11:905][849]LogShaderCompilers: Display: Shaders left to compile 203
[2019.05.01-15.35.14:658][ 62]LogShaderCompilers: Display: Shaders left to compile 193
[2019.05.01-15.35.15:196][121]LogShaderCompilers: Display: Shaders left to compile 183
[2019.05.01-15.35.15:361][138]LogShaderCompilers: Display: Shaders left to compile 173
[2019.05.01-15.35.16:581][274]LogSlate: FSceneViewport::OnFocusLost() reason 0
[2019.05.01-15.35.18:465][444]LogShaderCompilers: Display: Shaders left to compile 163
[2019.05.01-15.35.18:740][466]LogShaderCompilers: Display: Shaders left to compile 153
[2019.05.01-15.35.19:714][574]LogShaderCompilers: Display: Shaders left to compile 143
[2019.05.01-15.35.21:263][760]LogShaderCompilers: Display: Shaders left to compile 133
[2019.05.01-15.35.22:202][872]LogShaderCompilers: Display: Shaders left to compile 123
[2019.05.01-15.35.23:510][ 29]LogShaderCompilers: Display: Shaders left to compile 113
[2019.05.01-15.35.24:193][111]LogShaderCompilers: Display: Shaders left to compile 103
[2019.05.01-15.35.25:536][211]LogShaderCompilers: Display: Shaders left to compile 93
[2019.05.01-15.35.25:792][241]LogShaderCompilers: Display: Shaders left to compile 83
[2019.05.01-15.35.28:604][553]LogShaderCompilers: Display: Shaders left to compile 73
[2019.05.01-15.35.28:629][556]LogShaderCompilers: Display: Shaders left to compile 63
[2019.05.01-15.35.29:063][608]LogShaderCompilers: Display: Shaders left to compile 53
[2019.05.01-15.35.30:470][777]LogShaderCompilers: Display: Shaders left to compile 43
[2019.05.01-15.35.31:762][931]LogShaderCompilers: Display: Shaders left to compile 33
[2019.05.01-15.35.33:265][106]LogShaderCompilers: Display: Shaders left to compile 23
[2019.05.01-15.35.33:547][140]LogShaderCompilers: Display: Shaders left to compile 13
[2019.05.01-15.35.33:916][183]LogShaderCompilers: Display: Shaders left to compile 3
[2019.05.01-15.39.19:615][472]LogSlate: Window 'MonsterAI - Unreal Editor' being destroyed
[2019.05.01-15.39.19:617][472]LogWindowsTextInputMethodSystem: Display: IME system now deactivated.
[2019.05.01-15.39.19:778][473]Cmd: QUIT_EDITOR
[2019.05.01-15.39.19:814][473]LogExit: Preparing to exit.
[2019.05.01-15.39.20:135][473]LogExit: Editor shut down
[2019.05.01-15.39.20:135][473]LogExit: Transaction tracking system shut down
[2019.05.01-15.39.20:711][473]LogExit: Object subsystem successfully closed.
[2019.05.01-15.39.20:737][473]LogShaderCompilers: Display: Shaders left to compile 0
[2019.05.01-15.39.20:742][473]LogD3D11RHI: Shutdown
[2019.05.01-15.39.20:742][473]LogD3D11RHI: CleanupD3DDevice
[2019.05.01-15.39.20:744][473]LogD3D11RHI: ~FD3D11DynamicRHI
[2019.05.01-15.39.20:755][473]LogModuleManager: Shutting down and abandoning module HierarchicalLODOutliner (628)
[2019.05.01-15.39.20:755][473]LogModuleManager: Shutting down and abandoning module SceneOutliner (626)
[2019.05.01-15.39.20:755][473]LogModuleManager: Shutting down and abandoning module AddContentDialog (624)
[2019.05.01-15.39.20:756][473]LogModuleManager: Shutting down and abandoning module WidgetCarousel (623)
[2019.05.01-15.39.20:756][473]LogModuleManager: Shutting down and abandoning module EditorWidgets (620)
[2019.05.01-15.39.20:756][473]LogModuleManager: Shutting down and abandoning module CollectionManager (618)
[2019.05.01-15.39.20:756][473]LogModuleManager: Shutting down and abandoning module StatsViewer (616)
[2019.05.01-15.39.20:756][473]LogModuleManager: Shutting down and abandoning module FoliageEdit (614)
[2019.05.01-15.39.20:756][473]LogModuleManager: Shutting down and abandoning module LandscapeEditor (612)
[2019.05.01-15.39.20:756][473]LogModuleManager: Shutting down and abandoning module MeshPaintMode (610)
[2019.05.01-15.39.20:756][473]LogModuleManager: Shutting down and abandoning module SceneDepthPickerMode (608)
[2019.05.01-15.39.20:756][473]LogModuleManager: Shutting down and abandoning module ActorPickerMode (606)
[2019.05.01-15.39.20:756][473]LogModuleManager: Shutting down and abandoning module GeometryMode (604)
[2019.05.01-15.39.20:756][473]LogModuleManager: Shutting down and abandoning module TextureAlignMode (602)
[2019.05.01-15.39.20:756][473]LogModuleManager: Shutting down and abandoning module BspMode (600)
[2019.05.01-15.39.20:756][473]LogModuleManager: Shutting down and abandoning module PIEPreviewDeviceProfileSelector (598)
[2019.05.01-15.39.20:756][473]LogModuleManager: Shutting down and abandoning module SequenceRecorderSections (596)
[2019.05.01-15.39.20:756][473]LogModuleManager: Shutting down and abandoning module AutomationWorker (594)
[2019.05.01-15.39.20:756][473]LogModuleManager: Shutting down and abandoning module DatasmithFBXImporter (592)
[2019.05.01-15.39.20:756][473]LogModuleManager: Shutting down and abandoning module DatasmithDeltaGenImporter (590)
[2019.05.01-15.39.20:756][473]LogModuleManager: Shutting down and abandoning module DatasmithVREDImporter (588)
[2019.05.01-15.39.20:756][473]LogModuleManager: Shutting down and abandoning module AudioCaptureEditor (586)
[2019.05.01-15.39.20:756][473]LogModuleManager: Shutting down and abandoning module SequenceRecorder (585)
[2019.05.01-15.39.20:756][473]LogModuleManager: Shutting down and abandoning module MatineeToLevelSequence (582)
[2019.05.01-15.39.20:756][473]LogModuleManager: Shutting down and abandoning module LevelSequenceEditor (580)
[2019.05.01-15.39.20:756][473]LogModuleManager: Shutting down and abandoning module PlacementMode (579)
[2019.05.01-15.39.20:756][473]LogModuleManager: Shutting down and abandoning module MaterialEditor (578)
[2019.05.01-15.39.20:756][473]LogModuleManager: Shutting down and abandoning module WmfMediaFactory (574)
[2019.05.01-15.39.20:756][473]LogModuleManager: Shutting down and abandoning module WmfMediaEditor (572)
[2019.05.01-15.39.20:756][473]LogModuleManager: Shutting down and abandoning module MediaPlayerEditor (570)
[2019.05.01-15.39.20:757][473]LogModuleManager: Shutting down and abandoning module OpenExrWrapper (568)
[2019.05.01-15.39.20:757][473]LogModuleManager: Shutting down and abandoning module ImgMediaFactory (566)
[2019.05.01-15.39.20:757][473]LogModuleManager: Shutting down and abandoning module ImgMediaEditor (564)
[2019.05.01-15.39.20:757][473]LogModuleManager: Shutting down and abandoning module AvfMediaFactory (562)
[2019.05.01-15.39.20:757][473]LogModuleManager: Shutting down and abandoning module AvfMediaEditor (560)
[2019.05.01-15.39.20:757][473]LogModuleManager: Shutting down and abandoning module AndroidMediaFactory (558)
[2019.05.01-15.39.20:757][473]LogModuleManager: Shutting down and abandoning module AndroidMediaEditor (556)
[2019.05.01-15.39.20:757][473]LogModuleManager: Shutting down and abandoning module MagicLeapCameraPreviewFactory (554)
[2019.05.01-15.39.20:757][473]LogModuleManager: Shutting down and abandoning module MagicLeapMediaFactory (552)
[2019.05.01-15.39.20:757][473]LogModuleManager: Shutting down and abandoning module MagicLeapMediaEditor (550)
[2019.05.01-15.39.20:757][473]LogModuleManager: Shutting down and abandoning module CharacterAI (548)
[2019.05.01-15.39.20:757][473]LogModuleManager: Shutting down and abandoning module SmartSnapping (546)
[2019.05.01-15.39.20:757][473]LogModuleManager: Shutting down and abandoning module SessionServices (544)
[2019.05.01-15.39.20:757][473]LogModuleManager: Shutting down and abandoning module ViewportSnapping (542)
[2019.05.01-15.39.20:757][473]LogModuleManager: Shutting down and abandoning module ViewportInteraction (540)
[2019.05.01-15.39.20:757][473]LogModuleManager: Shutting down and abandoning module ClothPainter (538)
[2019.05.01-15.39.20:757][473]LogModuleManager: Shutting down and abandoning module SkeletalMeshEditor (537)
[2019.05.01-15.39.20:757][473]LogModuleManager: Shutting down and abandoning module LogVisualizer (534)
[2019.05.01-15.39.20:757][473]LogModuleManager: Shutting down and abandoning module IntroTutorials (532)
[2019.05.01-15.39.20:757][473]LogModuleManager: Shutting down and abandoning module GameProjectGeneration (531)
[2019.05.01-15.39.20:757][473]LogModuleManager: Shutting down and abandoning module LuminPlatformEditor (528)
[2019.05.01-15.39.20:757][473]LogModuleManager: Shutting down and abandoning module IOSPlatformEditor (526)
[2019.05.01-15.39.20:757][473]LogModuleManager: Shutting down and abandoning module HTML5PlatformEditor (524)
[2019.05.01-15.39.20:757][473]LogModuleManager: Shutting down and abandoning module AndroidPlatformEditor (522)
[2019.05.01-15.39.20:757][473]LogModuleManager: Shutting down and abandoning module AndroidDeviceDetection (521)
[2019.05.01-15.39.20:778][473]LogModuleManager: Shutting down and abandoning module WindowsPlatformEditor (518)
[2019.05.01-15.39.20:778][473]LogModuleManager: Shutting down and abandoning module LuminRuntimeSettings (516)
[2019.05.01-15.39.20:778][473]LogModuleManager: Shutting down and abandoning module IOSRuntimeSettings (514)
[2019.05.01-15.39.20:778][473]LogModuleManager: Shutting down and abandoning module AndroidRuntimeSettings (512)
[2019.05.01-15.39.20:778][473]LogModuleManager: Shutting down and abandoning module InputBindingEditor (510)
[2019.05.01-15.39.20:778][473]LogModuleManager: Shutting down and abandoning module MergeActors (508)
[2019.05.01-15.39.20:778][473]LogModuleManager: Shutting down and abandoning module LocalizationDashboard (506)
[2019.05.01-15.39.20:778][473]LogModuleManager: Shutting down and abandoning module LocalizationService (505)
[2019.05.01-15.39.20:779][473]LogModuleManager: Shutting down and abandoning module HardwareTargeting (502)
[2019.05.01-15.39.20:779][473]LogModuleManager: Shutting down and abandoning module DeviceProfileEditor (500)
[2019.05.01-15.39.20:779][473]LogModuleManager: Shutting down and abandoning module UndoHistory (498)
[2019.05.01-15.39.20:779][473]LogModuleManager: Shutting down and abandoning module XmlParser (496)
[2019.05.01-15.39.20:779][473]LogModuleManager: Shutting down and abandoning module Blutility (494)
[2019.05.01-15.39.20:779][473]LogModuleManager: Shutting down and abandoning module ProjectSettingsViewer (492)
[2019.05.01-15.39.20:779][473]LogModuleManager: Shutting down and abandoning module ProjectTargetPlatformEditor (491)
[2019.05.01-15.39.20:779][473]LogModuleManager: Shutting down and abandoning module EditorSettingsViewer (488)
[2019.05.01-15.39.20:779][473]LogModuleManager: Shutting down and abandoning module SettingsEditor (486)
[2019.05.01-15.39.20:779][473]LogModuleManager: Shutting down and abandoning module ProjectLauncher (484)
[2019.05.01-15.39.20:779][473]LogModuleManager: Shutting down and abandoning module SessionFrontend (482)
[2019.05.01-15.39.20:779][473]LogModuleManager: Shutting down and abandoning module ProfilerClient (480)
[2019.05.01-15.39.20:779][473]LogModuleManager: Shutting down and abandoning module DeviceManager (478)
[2019.05.01-15.39.20:779][473]LogModuleManager: Shutting down and abandoning module TargetDeviceServices (477)
[2019.05.01-15.39.20:834][473]LogModuleManager: Shutting down and abandoning module AutomationController (474)
[2019.05.01-15.39.20:834][473]LogModuleManager: Shutting down and abandoning module AutomationWindow (472)
[2019.05.01-15.39.20:834][473]LogModuleManager: Shutting down and abandoning module Layers (470)
[2019.05.01-15.39.20:834][473]LogModuleManager: Shutting down and abandoning module ComponentVisualizers (468)
[2019.05.01-15.39.20:834][473]LogModuleManager: Shutting down and abandoning module DetailCustomizations (466)
[2019.05.01-15.39.20:834][473]LogModuleManager: Shutting down and abandoning module PackagesDialog (464)
[2019.05.01-15.39.20:834][473]LogModuleManager: Shutting down and abandoning module Persona (462)
[2019.05.01-15.39.20:834][473]LogModuleManager: Shutting down and abandoning module AnimGraph (461)
[2019.05.01-15.39.20:834][473]LogModuleManager: Shutting down and abandoning module Kismet (458)
[2019.05.01-15.39.20:837][473]LogModuleManager: Shutting down and abandoning module GraphEditor (456)
[2019.05.01-15.39.20:837][473]LogModuleManager: Shutting down and abandoning module ClassViewer (454)
[2019.05.01-15.39.20:837][473]LogModuleManager: Shutting down and abandoning module Toolbox (452)
[2019.05.01-15.39.20:837][473]LogModuleManager: Shutting down and abandoning module ModuleUI (450)
[2019.05.01-15.39.20:837][473]LogModuleManager: Shutting down and abandoning module MovieSceneTools (448)
[2019.05.01-15.39.20:837][473]LogModuleManager: Shutting down and abandoning module OutputLog (446)
[2019.05.01-15.39.20:837][473]LogModuleManager: Shutting down and abandoning module GammaUI (444)
[2019.05.01-15.39.20:837][473]LogModuleManager: Shutting down and abandoning module Documentation (442)
[2019.05.01-15.39.20:837][473]LogModuleManager: Shutting down and abandoning module MovieSceneTracks (440)
[2019.05.01-15.39.20:837][473]LogModuleManager: Shutting down and abandoning module MovieScene (438)
[2019.05.01-15.39.20:837][473]LogModuleManager: Shutting down and abandoning module StreamingPauseRendering (436)
[2019.05.01-15.39.20:837][473]LogModuleManager: Shutting down and abandoning module LauncherPlatform (434)
[2019.05.01-15.39.20:837][473]LogModuleManager: Shutting down and abandoning module AnalyticsET (432)
[2019.05.01-15.39.20:837][473]LogModuleManager: Shutting down and abandoning module PortalServices (430)
[2019.05.01-15.39.20:837][473]LogModuleManager: Shutting down and abandoning module PortalRpc (428)
[2019.05.01-15.39.20:837][473]LogModuleManager: Shutting down and abandoning module MessagingRpc (426)
[2019.05.01-15.39.20:837][473]LogModuleManager: Shutting down and abandoning module AIModule (424)
[2019.05.01-15.39.20:837][473]LogModuleManager: Shutting down and abandoning module GameplayDebugger (423)
[2019.05.01-15.39.20:837][473]LogModuleManager: Shutting down and abandoning module AITestSuite (421)
[2019.05.01-15.39.20:837][473]LogModuleManager: Shutting down and abandoning module NavigationSystem (419)
[2019.05.01-15.39.20:837][473]LogModuleManager: Shutting down and abandoning module DesktopPlatform (416)
[2019.05.01-15.39.20:837][473]LogModuleManager: Shutting down and abandoning module ProfilerService (414)
[2019.05.01-15.39.20:940][473]LogModuleManager: Shutting down and abandoning module TaskGraph (412)
[2019.05.01-15.39.20:941][473]LogModuleManager: Shutting down and abandoning module DatasmithCADImporter (410)
[2019.05.01-15.39.20:942][473]LogModuleManager: Shutting down and abandoning module StaticMeshEditorExtension (408)
[2019.05.01-15.39.20:942][473]LogModuleManager: Shutting down and abandoning module StaticMeshEditor (407)
[2019.05.01-15.39.20:942][473]LogModuleManager: Shutting down and abandoning module AdvancedPreviewScene (406)
[2019.05.01-15.39.20:942][473]LogModuleManager: Shutting down and abandoning module DatasmithMDLImporter (402)
[2019.05.01-15.39.20:943][473]LogModuleManager: Shutting down and abandoning module DatasmithImporter (400)
[2019.05.01-15.39.20:944][473]LogModuleManager: Shutting down and abandoning module SteamVRController (398)
[2019.05.01-15.39.20:944][473]LogModuleManager: Shutting down and abandoning module ProceduralMeshComponentEditor (396)
[2019.05.01-15.39.20:944][473]LogModuleManager: Shutting down and abandoning module ProceduralMeshComponent (394)
[2019.05.01-15.39.20:944][473]LogModuleManager: Shutting down and abandoning module OculusInput (392)
[2019.05.01-15.39.20:944][473]LogModuleManager: Shutting down and abandoning module MobilePatchingUtils (390)
[2019.05.01-15.39.20:944][473]LogModuleManager: Shutting down and abandoning module EditableMesh (388)
[2019.05.01-15.39.20:944][473]LogModuleManager: Shutting down and abandoning module CustomMeshComponent (386)
[2019.05.01-15.39.20:944][473]LogModuleManager: Shutting down and abandoning module CableComponent (384)
[2019.05.01-15.39.20:944][473]LogModuleManager: Shutting down and abandoning module AudioCapture (382)
[2019.05.01-15.39.20:944][473]LogModuleManager: Shutting down and abandoning module ArchVisCharacter (380)
[2019.05.01-15.39.20:944][473]LogModuleManager: Shutting down and abandoning module AndroidPermission (378)
[2019.05.01-15.39.20:944][473]LogModuleManager: Shutting down and abandoning module NUTUnrealEngine4 (376)
[2019.05.01-15.39.20:944][473]LogModuleManager: Shutting down and abandoning module NetcodeUnitTest (374)
[2019.05.01-15.39.20:944][473]LogModuleManager: Shutting down and abandoning module MediaCompositingEditor (372)
[2019.05.01-15.39.20:944][473]LogModuleManager: Shutting down and abandoning module MediaCompositing (370)
[2019.05.01-15.39.20:944][473]LogModuleManager: Shutting down and abandoning module LinearTimecode (368)
[2019.05.01-15.39.20:944][473]LogModuleManager: Shutting down and abandoning module ImgMedia (366)
[2019.05.01-15.39.20:950][473]LogModuleManager: Shutting down and abandoning module HTML5Networking (364)
[2019.05.01-15.39.20:950][473]LogModuleManager: Shutting down and abandoning module GeometryCacheTracks (362)
[2019.05.01-15.39.20:950][473]LogModuleManager: Shutting down and abandoning module GeometryCacheSequencer (360)
[2019.05.01-15.39.20:950][473]LogModuleManager: Shutting down and abandoning module BackChannel (358)
[2019.05.01-15.39.20:950][473]LogModuleManager: Shutting down and abandoning module AppleVision (356)
[2019.05.01-15.39.20:950][473]LogModuleManager: Shutting down and abandoning module AppleImageUtils (354)
[2019.05.01-15.39.20:950][473]LogModuleManager: Shutting down and abandoning module AlembicImporter (352)
[2019.05.01-15.39.20:950][473]LogModuleManager: Shutting down and abandoning module AlembicLibrary (351)
[2019.05.01-15.39.20:950][473]LogModuleManager: Shutting down and abandoning module GeometryCache (350)
[2019.05.01-15.39.20:950][473]LogModuleManager: Shutting down and abandoning module GeometryCacheEd (349)
[2019.05.01-15.39.20:950][473]LogModuleManager: Shutting down and abandoning module DatasmithContentEditor (344)
[2019.05.01-15.39.20:950][473]LogModuleManager: Shutting down and abandoning module DatasmithContent (342)
[2019.05.01-15.39.20:951][473]LogModuleManager: Shutting down and abandoning module SpeedTreeImporter (340)
[2019.05.01-15.39.20:951][473]LogModuleManager: Shutting down and abandoning module PluginBrowser (338)
[2019.05.01-15.39.20:951][473]LogModuleManager: Shutting down and abandoning module MobileLauncherProfileWizard (336)
[2019.05.01-15.39.20:951][473]LogModuleManager: Shutting down and abandoning module PolygonModeling (334)
[2019.05.01-15.39.20:951][473]LogModuleManager: Shutting down and abandoning module MeshEditor (332)
[2019.05.01-15.39.20:951][473]LogModuleManager: Shutting down and abandoning module EditorScriptingUtilities (330)
[2019.05.01-15.39.20:952][473]LogModuleManager: Shutting down and abandoning module CryptoKeysOpenSSL (328)
[2019.05.01-15.39.20:952][473]LogModuleManager: Shutting down and abandoning module CryptoKeys (326)
[2019.05.01-15.39.20:952][473]LogModuleManager: Shutting down and abandoning module VisualStudioSourceCodeAccess (324)
[2019.05.01-15.39.20:952][473]LogModuleManager: Shutting down and abandoning module VisualStudioCodeSourceCodeAccess (322)
[2019.05.01-15.39.20:952][473]LogModuleManager: Shutting down and abandoning module UObjectPlugin (320)
[2019.05.01-15.39.20:952][473]LogModuleManager: Shutting down and abandoning module SubversionSourceControl (318)
[2019.05.01-15.39.20:952][473]LogModuleManager: Shutting down and abandoning module PerforceSourceControl (316)
[2019.05.01-15.39.20:952][473]LogModuleManager: Shutting down and abandoning module GitSourceControl (314)
[2019.05.01-15.39.20:952][473]LogModuleManager: Shutting down and abandoning module SourceControl (313)
[2019.05.01-15.39.20:952][473]LogModuleManager: Shutting down and abandoning module CLionSourceCodeAccess (310)
[2019.05.01-15.39.20:952][473]LogModuleManager: Shutting down and abandoning module LightPropagationVolumeEditor (308)
[2019.05.01-15.39.20:952][473]LogModuleManager: Shutting down and abandoning module PaperTiledImporter (306)
[2019.05.01-15.39.20:952][473]LogModuleManager: Shutting down and abandoning module PaperSpriteSheetImporter (304)
[2019.05.01-15.39.20:952][473]LogModuleManager: Shutting down and abandoning module Paper2DEditor (302)
[2019.05.01-15.39.20:952][473]LogModuleManager: Shutting down and abandoning module MeshPaint (301)
[2019.05.01-15.39.20:952][473]LogModuleManager: Shutting down and abandoning module RuntimePhysXCooking (298)
[2019.05.01-15.39.20:952][473]LogModuleManager: Shutting down and abandoning module PhysXVehiclesEditor (296)
[2019.05.01-15.39.20:952][473]LogModuleManager: Shutting down and abandoning module PhysXVehicles (294)
[2019.05.01-15.39.20:952][473]LogModuleManager: Shutting down and abandoning module OculusEditor (292)
[2019.05.01-15.39.20:952][473]LogModuleManager: Shutting down and abandoning module LocationServicesBPLibrary (290)
[2019.05.01-15.39.20:952][473]LogModuleManager: Shutting down and abandoning module ImmediatePhysicsEditor (288)
[2019.05.01-15.39.20:952][473]LogModuleManager: Shutting down and abandoning module ImmediatePhysics (286)
[2019.05.01-15.39.20:952][473]LogModuleManager: Shutting down and abandoning module ActorSequence (284)
[2019.05.01-15.39.20:952][473]LogModuleManager: Shutting down and abandoning module UdpMessaging (282)
[2019.05.01-15.39.21:053][473]LogModuleManager: Shutting down and abandoning module TcpMessaging (280)
[2019.05.01-15.39.21:154][473]LogModuleManager: Shutting down and abandoning module MagicLeapAudio (278)
[2019.05.01-15.39.21:154][473]LogModuleManager: Shutting down and abandoning module GameplayTagsEditor (276)
[2019.05.01-15.39.21:154][473]LogModuleManager: Shutting down and abandoning module FacialAnimationEditor (274)
[2019.05.01-15.39.21:154][473]LogModuleManager: Shutting down and abandoning module FacialAnimation (272)
[2019.05.01-15.39.21:154][473]LogModuleManager: Shutting down and abandoning module DataValidation (270)
[2019.05.01-15.39.21:154][473]LogModuleManager: Shutting down and abandoning module AssetManagerEditor (268)
[2019.05.01-15.39.21:154][473]LogModuleManager: Shutting down and abandoning module LevelEditor (267)
[2019.05.01-15.39.21:156][473]LogModuleManager: Shutting down and abandoning module PixelInspectorModule (266)
[2019.05.01-15.39.21:156][473]LogModuleManager: Shutting down and abandoning module CommonMenuExtensions (264)
[2019.05.01-15.39.21:156][473]LogModuleManager: Shutting down and abandoning module MainFrame (262)
[2019.05.01-15.39.21:156][473]LogModuleManager: Shutting down and abandoning module HotReload (261)
[2019.05.01-15.39.21:157][473]LogModuleManager: Shutting down and abandoning module ContentBrowser (257)
[2019.05.01-15.39.21:158][473]LogModuleManager: Shutting down and abandoning module TreeMap (255)
[2019.05.01-15.39.21:158][473]LogModuleManager: Shutting down and abandoning module LightPropagationVolumeRuntime (252)
[2019.05.01-15.39.21:158][473]LogModuleManager: Shutting down and abandoning module AISupportModule (250)
[2019.05.01-15.39.21:158][473]LogModuleManager: Shutting down and abandoning module Paper2D (248)
[2019.05.01-15.39.21:158][473]LogModuleManager: Shutting down and abandoning module WindowsMoviePlayer (246)
[2019.05.01-15.39.21:158][473]LogModuleManager: Shutting down and abandoning module WmfMedia (244)
[2019.05.01-15.39.21:160][473]LogModuleManager: Shutting down and abandoning module Media (243)
[2019.05.01-15.39.21:166][473]LogModuleManager: Shutting down and abandoning module PacketHandler (240)
[2019.05.01-15.39.21:166][473]LogModuleManager: Shutting down and abandoning module ClothingSystemEditor (238)
[2019.05.01-15.39.21:166][473]LogModuleManager: Shutting down and abandoning module ClothingSystemRuntime (236)
[2019.05.01-15.39.21:166][473]LogModuleManager: Shutting down and abandoning module MediaAssets (234)
[2019.05.01-15.39.21:166][473]LogModuleManager: Shutting down and abandoning module Overlay (232)
[2019.05.01-15.39.21:166][473]LogModuleManager: Shutting down and abandoning module OverlayEditor (231)
[2019.05.01-15.39.21:166][473]LogModuleManager: Shutting down and abandoning module VREditor (228)
[2019.05.01-15.39.21:166][473]LogModuleManager: Shutting down and abandoning module StringTableEditor (226)
[2019.05.01-15.39.21:166][473]LogModuleManager: Shutting down and abandoning module GameplayTasksEditor (224)
[2019.05.01-15.39.21:166][473]LogModuleManager: Shutting down and abandoning module BehaviorTreeEditor (222)
[2019.05.01-15.39.21:166][473]LogModuleManager: Shutting down and abandoning module FunctionalTesting (220)
[2019.05.01-15.39.21:166][473]LogModuleManager: Shutting down and abandoning module CollisionAnalyzer (218)
[2019.05.01-15.39.21:166][473]LogModuleManager: Shutting down and abandoning module WorkspaceMenuStructure (217)
[2019.05.01-15.39.21:166][473]LogModuleManager: Shutting down and abandoning module UMG (214)
[2019.05.01-15.39.21:166][473]LogModuleManager: Shutting down and abandoning module UMGEditor (213)
[2019.05.01-15.39.21:167][473]LogModuleManager: Shutting down and abandoning module Sequencer (212)
[2019.05.01-15.39.21:167][473]LogModuleManager: Shutting down and abandoning module MessageLog (209)
[2019.05.01-15.39.21:167][473]LogModuleManager: Shutting down and abandoning module SlateReflector (204)
[2019.05.01-15.39.21:167][473]LogModuleManager: Shutting down and abandoning module Slate (202)
[2019.05.01-15.39.21:167][473]LogModuleManager: Shutting down and abandoning module EditorStyle (200)
[2019.05.01-15.39.21:168][473]LogModuleManager: Shutting down and abandoning module MRMesh (198)
[2019.05.01-15.39.21:168][473]LogModuleManager: Shutting down and abandoning module SourceCodeAccess (196)
[2019.05.01-15.39.21:168][473]LogModuleManager: Shutting down and abandoning module HeadMountedDisplay (194)
[2019.05.01-15.39.21:168][473]LogModuleManager: Shutting down and abandoning module XAudio2 (192)
[2019.05.01-15.39.21:168][473]LogModuleManager: Shutting down and abandoning module Networking (190)
[2019.05.01-15.39.21:168][473]LogModuleManager: Shutting down and abandoning module Core (188)
[2019.05.01-15.39.21:168][473]LogModuleManager: Shutting down and abandoning module LevelSequence (186)
[2019.05.01-15.39.21:169][473]LogModuleManager: Shutting down and abandoning module KismetCompiler (184)
[2019.05.01-15.39.21:169][473]LogModuleManager: Shutting down and abandoning module MeshUtilities (182)
[2019.05.01-15.39.21:169][473]LogModuleManager: Shutting down and abandoning module MeshMergeUtilities (181)
[2019.05.01-15.39.21:169][473]LogModuleManager: Shutting down and abandoning module MeshReductionInterface (180)
[2019.05.01-15.39.21:169][473]LogModuleManager: Shutting down and abandoning module SimplygonSwarm (179)
[2019.05.01-15.39.21:169][473]LogModuleManager: Shutting down and abandoning module ProxyLODMeshReduction (177)
[2019.05.01-15.39.21:169][473]LogModuleManager: Shutting down and abandoning module SimplygonMeshReduction (175)
[2019.05.01-15.39.21:169][473]LogModuleManager: Shutting down and abandoning module QuadricMeshReduction (173)
[2019.05.01-15.39.21:169][473]LogModuleManager: Shutting down and abandoning module MaterialBaking (169)
[2019.05.01-15.39.21:169][473]LogModuleManager: Shutting down and abandoning module DirectoryWatcher (165)
[2019.05.01-15.39.21:170][473]LogModuleManager: Shutting down and abandoning module DerivedDataCache (162)
[2019.05.01-15.39.21:227][473]LogDerivedDataCache: Shutdown
[2019.05.01-15.39.21:227][473]LogModuleManager: Shutting down and abandoning module XGEController (160)
[2019.05.01-15.39.21:228][473]LogModuleManager: Shutting down and abandoning module TargetPlatform (158)
[2019.05.01-15.39.21:228][473]LogModuleManager: Shutting down and abandoning module VulkanShaderFormat (157)
[2019.05.01-15.39.21:228][473]LogModuleManager: Shutting down and abandoning module ShaderFormatVectorVM (155)
[2019.05.01-15.39.21:228][473]LogModuleManager: Shutting down and abandoning module ShaderFormatOpenGL (153)
[2019.05.01-15.39.21:228][473]LogModuleManager: Shutting down and abandoning module ShaderFormatD3D (151)
[2019.05.01-15.39.21:228][473]LogModuleManager: Shutting down and abandoning module MetalShaderFormat (149)
[2019.05.01-15.39.21:228][473]LogModuleManager: Shutting down and abandoning module TextureFormatUncompressed (147)
[2019.05.01-15.39.21:228][473]LogModuleManager: Shutting down and abandoning module TextureFormatPVR (145)
[2019.05.01-15.39.21:228][473]LogModuleManager: Shutting down and abandoning module TextureFormatDXT (143)
[2019.05.01-15.39.21:228][473]LogModuleManager: Shutting down and abandoning module TextureFormatIntelISPCTexComp (141)
[2019.05.01-15.39.21:228][473]LogModuleManager: Shutting down and abandoning module TextureFormatASTC (139)
[2019.05.01-15.39.21:228][473]LogModuleManager: Shutting down and abandoning module ImageWrapper (138)
[2019.05.01-15.39.21:228][473]LogModuleManager: Shutting down and abandoning module TextureFormatAndroid (135)
[2019.05.01-15.39.21:228][473]LogModuleManager: Shutting down and abandoning module AudioFormatOpus (133)
[2019.05.01-15.39.21:228][473]LogModuleManager: Shutting down and abandoning module AudioFormatOgg (131)
[2019.05.01-15.39.21:229][473]LogModuleManager: Shutting down and abandoning module AudioFormatADPCM (129)
[2019.05.01-15.39.21:229][473]LogModuleManager: Shutting down and abandoning module LuminTargetPlatform (127)
[2019.05.01-15.39.21:229][473]LogModuleManager: Shutting down and abandoning module LinuxTargetPlatform (125)
[2019.05.01-15.39.21:229][473]LogModuleManager: Shutting down and abandoning module LinuxServerTargetPlatform (123)
[2019.05.01-15.39.21:229][473]LogModuleManager: Shutting down and abandoning module LinuxNoEditorTargetPlatform (121)
[2019.05.01-15.39.21:229][473]LogModuleManager: Shutting down and abandoning module LinuxClientTargetPlatform (119)
[2019.05.01-15.39.21:229][473]LogModuleManager: Shutting down and abandoning module TVOSTargetPlatform (117)
[2019.05.01-15.39.21:231][473]LogModuleManager: Shutting down and abandoning module Messaging (115)
[2019.05.01-15.39.21:231][473]LogModuleManager: Shutting down and abandoning module IOSTargetPlatform (113)
[2019.05.01-15.39.21:233][473]LogModuleManager: Shutting down and abandoning module HTML5TargetPlatform (111)
[2019.05.01-15.39.21:233][473]LogModuleManager: Shutting down and abandoning module AndroidTargetPlatform (109)
[2019.05.01-15.39.21:247][473]LogModuleManager: Shutting down and abandoning module WindowsTargetPlatform (107)
[2019.05.01-15.39.21:247][473]LogModuleManager: Shutting down and abandoning module WindowsServerTargetPlatform (105)
[2019.05.01-15.39.21:247][473]LogModuleManager: Shutting down and abandoning module WindowsNoEditorTargetPlatform (103)
[2019.05.01-15.39.21:248][473]LogModuleManager: Shutting down and abandoning module WindowsClientTargetPlatform (101)
[2019.05.01-15.39.21:248][473]LogModuleManager: Shutting down and abandoning module MacTargetPlatform (99)
[2019.05.01-15.39.21:248][473]LogModuleManager: Shutting down and abandoning module MacServerTargetPlatform (97)
[2019.05.01-15.39.21:248][473]LogModuleManager: Shutting down and abandoning module MacNoEditorTargetPlatform (95)
[2019.05.01-15.39.21:248][473]LogModuleManager: Shutting down and abandoning module MacClientTargetPlatform (93)
[2019.05.01-15.39.21:248][473]LogModuleManager: Shutting down and abandoning module AllDesktopTargetPlatform (91)
[2019.05.01-15.39.21:248][473]LogModuleManager: Shutting down and abandoning module InputCore (88)
[2019.05.01-15.39.21:248][473]LogModuleManager: Shutting down and abandoning module Settings (86)
[2019.05.01-15.39.21:248][473]LogModuleManager: Shutting down and abandoning module PhysXCooking (84)
[2019.05.01-15.39.21:248][473]LogModuleManager: Shutting down and abandoning module SteamVR (82)
[2019.05.01-15.39.21:248][473]LogModuleManager: Shutting down and abandoning module OculusHMD (80)
[2019.05.01-15.39.21:248][473]LogModuleManager: Shutting down and abandoning module ExampleDeviceProfileSelector (78)
[2019.05.01-15.39.21:248][473]LogModuleManager: Shutting down and abandoning module LauncherChunkInstaller (76)
[2019.05.01-15.39.21:248][473]LogModuleManager: Shutting down and abandoning module OnlineBlueprintSupport (74)
[2019.05.01-15.39.21:248][473]LogModuleManager: Shutting down and abandoning module OnlineSubsystem (70)
[2019.05.01-15.39.21:250][473]LogModuleManager: Shutting down and abandoning module XMPP (65)
[2019.05.01-15.39.21:250][473]LogModuleManager: Shutting down and abandoning module WebSockets (64)
[2019.05.01-15.39.21:266][473]LogModuleManager: Shutting down and abandoning module HTTP (61)
[2019.05.01-15.39.21:266][473]LogHttp: Display: Http module shutting down, but needs to wait on 1 outstanding Http requests:
[2019.05.01-15.39.21:266][473]LogHttp: Display: 	verb=[POST] url=[https://datarouter.ol.epicgames.com/datarouter/api/v1/public/data?SessionID=%7B0756AD72-4964-C2DA-FA4B-E0AB3D3504CD%7D&AppID=UEEditor.Rocket.Release&AppVersion=4.20.1-4233996%2B%2B%2BUE4%2BRelease-4.20&UserID=4b8f7aa64e864ee8ce89e0a8e82e429e%7C6fb04b1287e84de4ac0c5c4dda988786%7Cb7f26f54-4613-4b68-8a6d-9694f55d6e64&AppEnvironment=datacollector-binary&UploadType=eteventstream] status=Processing
[2019.05.01-15.39.21:290][473]LogModuleManager: Shutting down and abandoning module SSL (60)
[2019.05.01-15.39.21:292][473]LogModuleManager: Shutting down and abandoning module MagicLeapEmulator (56)
[2019.05.01-15.39.21:292][473]LogModuleManager: Shutting down and abandoning module MagicLeapPrivileges (54)
[2019.05.01-15.39.21:292][473]LogModuleManager: Shutting down and abandoning module MagicLeapIdentity (52)
[2019.05.01-15.39.21:292][473]LogModuleManager: Shutting down and abandoning module MagicLeapHelperVulkan (50)
[2019.05.01-15.39.21:292][473]LogModuleManager: Shutting down and abandoning module MagicLeapHelperOpenGL (48)
[2019.05.01-15.39.21:292][473]LogModuleManager: Shutting down and abandoning module MagicLeapSecureStorage (46)
[2019.05.01-15.39.21:292][473]LogModuleManager: Shutting down and abandoning module MagicLeapGestures (44)
[2019.05.01-15.39.21:292][473]LogModuleManager: Shutting down and abandoning module MagicLeapEyeTracker (42)
[2019.05.01-15.39.21:292][473]LogModuleManager: Shutting down and abandoning module MagicLeapController (40)
[2019.05.01-15.39.21:293][473]LogSlate: Slate User Destroyed.  User Index 0, Is Virtual User: 0
[2019.05.01-15.39.21:293][473]LogModuleManager: Shutting down and abandoning module MagicLeap (38)
[2019.05.01-15.39.21:293][473]LogModuleManager: Shutting down and abandoning module AnimationModifiers (36)
[2019.05.01-15.39.21:293][473]LogModuleManager: Shutting down and abandoning module PropertyEditor (35)
[2019.05.01-15.39.21:293][473]LogModuleManager: Shutting down and abandoning module AudioEditor (32)
[2019.05.01-15.39.21:293][473]LogModuleManager: Shutting down and abandoning module TextureCompressor (30)
[2019.05.01-15.39.21:294][473]LogModuleManager: Shutting down and abandoning module ShaderCore (28)
[2019.05.01-15.39.21:294][473]LogModuleManager: Shutting down and abandoning module Landscape (26)
[2019.05.01-15.39.21:294][473]LogModuleManager: Shutting down and abandoning module SlateRHIRenderer (24)
[2019.05.01-15.39.21:294][473]LogModuleManager: Shutting down and abandoning module OpenGLDrv (22)
[2019.05.01-15.39.21:294][473]LogModuleManager: Shutting down and abandoning module D3D11RHI (20)
[2019.05.01-15.39.21:294][473]LogModuleManager: Shutting down and abandoning module AnimGraphRuntime (18)
[2019.05.01-15.39.21:294][473]LogModuleManager: Shutting down and abandoning module Renderer (16)
[2019.05.01-15.39.21:295][473]LogModuleManager: Shutting down and abandoning module Engine (14)
[2019.05.01-15.39.21:295][473]LogModuleManager: Shutting down and abandoning module CoreUObject (12)
[2019.05.01-15.39.21:295][473]LogModuleManager: Shutting down and abandoning module NetworkFile (10)
[2019.05.01-15.39.21:295][473]LogModuleManager: Shutting down and abandoning module CookedIterativeFile (8)
[2019.05.01-15.39.21:295][473]LogModuleManager: Shutting down and abandoning module StreamingFile (6)
[2019.05.01-15.39.21:295][473]LogModuleManager: Shutting down and abandoning module SandboxFile (4)
[2019.05.01-15.39.21:295][473]LogModuleManager: Shutting down and abandoning module PakFile (2)
[2019.05.01-15.39.21:312][473]LogExit: Exiting.
[2019.05.01-15.39.21:319][473]Log file closed, 05/01/19 16:39:21
